45119                          
[10/28/2016 04:43:52.234 pid=2491 tid=3072010000] Warning:WBX_Provider:: SSL_CTX_use_certificate_file file:/opt/webex/ms/pem/svrcert.pem, err_msg:selftest failed,failed!
[10/28/2016 04:43:52.251 pid=2491 tid=3072010000] Error:BFCP--SetTimerCallbackInfo ret = 0  ok = 0
[10/28/2016 04:43:56.884 pid=2491 tid=3072010000] Error:REST_Resource_Impl:: update_participant, TrackingID:LINUS_5a68b7a0-10a7-4c2d-9884-cb6e202ad7f1_5, Meeting 2526719513_39217 not found.
[10/28/2016 04:43:56.907 pid=2491 tid=3072010000] Warning:CDocShow_TPPlus_2526718496:: ParseDocShow,unknown section:WebExBasic
[10/28/2016 04:43:56.916 pid=2491 tid=3072010000] Warning:CDocShow_TPPlus_2526719513:: ParseDocShow,unknown section:WebExBasic
[10/28/2016 04:43:57.059 pid=2491 tid=3072010000] Error:T120 ASSERT m_pWlcVideo != NULL at file COneTouchMeeting.cpp, line 1311
[10/28/2016 04:43:57.059 pid=2491 tid=3072010000] Error:T120 ASSERT m_pWlcVideo != NULL at file COneTouchMeeting.cpp, line 1311
[10/28/2016 04:43:57.059 pid=2491 tid=3072010000] Error:T120 ASSERT m_pWlcVideo != NULL at file COneTouchMeeting.cpp, line 1311
[10/28/2016 04:43:57.061 pid=2491 tid=3072010000] Error:T120 ASSERT m_pWlcVideo != NULL at file COneTouchMeeting.cpp, line 1311
[10/28/2016 04:43:57.062 pid=2491 tid=3072010000] Error:T120 ASSERT m_pWlcVideo != NULL at file COneTouchMeeting.cpp, line 1311
[10/28/2016 04:43:57.065 pid=2491 tid=3072010000] Error:T120 ASSERT m_pWlcVideo != NULL at file COneTouchMeeting.cpp, line 1311
[10/28/2016 04:43:57.065 pid=2491 tid=3072010000] Error:T120 ASSERT m_pWlcVideo != NULL at file COneTouchMeeting.cpp, line 1311
[10/28/2016 04:43:57.067 pid=2491 tid=3072010000] Error:T120 ASSERT m_pWlcVideo != NULL at file COneTouchMeeting.cpp, line 1311
[10/28/2016 04:43:57.067 pid=2491 tid=3072010000] Error:T120 ASSERT m_pWlcVideo != NULL at file COneTouchMeeting.cpp, line 1311
[10/28/2016 04:43:57.067 pid=2491 tid=3072010000] Error:T120 ASSERT update_rsc_list at file CMtgUsr.cpp, line 2515
[10/28/2016 04:43:57.067 pid=2491 tid=3072010000] Error:T120 ASSERT update_rsc_list at file CMtgUsr.cpp, line 2515
[10/28/2016 04:43:57.067 pid=2491 tid=3072010000] Error:T120 ASSERT update_rsc_list at file CMtgUsr.cpp, line 2515
[10/28/2016 04:43:57.067 pid=2491 tid=3072010000] Error:T120 ASSERT update_rsc_list at file CMtgUsr.cpp, line 2515
[10/28/2016 04:43:57.756 pid=2491 tid=3072010000] Error:T120 ASSERT update_rsc_list at file CMtgUsr.cpp, line 2515
[10/28/2016 04:43:57.815 pid=2491 tid=3072010000] Warning:GCC_Ape_2526719513_16809986:: Ape ignore on_send_data_indication: INVALID_STATE.
[10/28/2016 04:43:58.038 pid=2491 tid=3072010000] Error:T120 ASSERT update_rsc_list at file CMtgUsr.cpp, line 2515
[10/28/2016 04:43:58.059 pid=2491 tid=3072010000] Warning:REST_UpdateEndpointRequest_2526718496_39217_0x0af0d2b0:: parse, TrackingID:wbxcb_78a5a595-85c1-4b5a-989b-00b5a10b2db8, participantId=d740b196-9a59-3cd2-89c9-82b95d2cf3fb, name=, the participant type is not user, type=MEETING_BRIDGE
[10/28/2016 04:43:58.343 pid=2491 tid=3072010000] Warning:REST_UpdateEndpointRequest_2526719513_39217_0x0af1d190:: parse, TrackingID:wbxcb_1f5c6009-3158-461c-982a-8c72fe0bf89e, participantId=2b298957-854a-38c7-949b-ab4c9a4faa94, name=, the participant type is not user, type=MEETING_BRIDGE
[10/28/2016 04:43:58.582 pid=2491 tid=3072010000] Warning:CDocShow_TPPlus_2526718496:: ParseDocShow,unknown section:WebExBasic
[10/28/2016 04:43:58.714 pid=2491 tid=3072010000] Error:T120 ASSERT m_pWlcVideo != NULL at file COneTouchMeeting.cpp, line 1311
[10/28/2016 04:43:58.714 pid=2491 tid=3072010000] Error:T120 ASSERT m_pWlcVideo != NULL at file COneTouchMeeting.cpp, line 1311
[10/28/2016 04:43:58.714 pid=2491 tid=3072010000] Error:T120 ASSERT update_rsc_list at file CMtgUsr.cpp, line 2515
[10/28/2016 04:43:58.714 pid=2491 tid=3072010000] Error:T120 ASSERT update_rsc_list at file CMtgUsr.cpp, line 2515
[10/28/2016 04:43:59.019 pid=2491 tid=3072010000] Warning:CDocShow_TPPlus_2526719513:: ParseDocShow,unknown section:WebExBasic
[10/28/2016 04:43:59.074 pid=2491 tid=3072010000] Warning:REST_Meeting_2526718496_39217:: TODO ConfirmSetMuteStatusRequest, user_id=327b150f-f074-49c9-9006-0e454374012d
[10/28/2016 04:43:59.173 pid=2491 tid=3072010000] Error:T120 ASSERT m_pWlcVideo != NULL at file COneTouchMeeting.cpp, line 1311
[10/28/2016 04:43:59.174 pid=2491 tid=3072010000] Error:T120 ASSERT m_pWlcVideo != NULL at file COneTouchMeeting.cpp, line 1311
[10/28/2016 04:43:59.176 pid=2491 tid=3072010000] Error:T120 ASSERT update_rsc_list at file CMtgUsr.cpp, line 2515
[10/28/2016 04:43:59.176 pid=2491 tid=3072010000] Error:T120 ASSERT update_rsc_list at file CMtgUsr.cpp, line 2515
[10/28/2016 04:43:59.179 pid=2491 tid=3072010000] Warning:GCC_Ape_2526719513_16814082:: Ape ignore on_send_data_indication: INVALID_STATE.
[10/28/2016 04:44:00.839 pid=2491 tid=3072010000] Warning:GCC_Ape_2526719513_16814082:: Ape ignore on_send_data_indication: INVALID_STATE.
[10/28/2016 04:44:01.181 pid=2491 tid=3072010000] Warning:REST_Meeting_2526719513_39217:: TODO ConfirmSetMuteStatusRequest, user_id=3c57279c-fee7-31d8-aded-e0b2ff566ab3
[10/28/2016 04:44:03.771 pid=2491 tid=3072010000] Error:CMtgUsr_2526719513_2:: LeaveSession,sesion not joined.
[10/28/2016 04:44:05.790 pid=2491 tid=3072010000] Error:T120 ASSERT m_iStatus==SESS_STATUS_ENROLLING at file CHybridSession.cpp, line 969
[10/28/2016 04:44:06.864 pid=2491 tid=3032300400] Error:WBX_Http_Socket_21_1:: on_receive, error, ret: -1, state: 5
[10/28/2016 04:44:28.994 pid=2491 tid=3032300400] Error:WBX_Http_Request_92_1:: on_timer, timeout at state: 2
[10/28/2016 04:44:29.294 pid=2491 tid=3032300400] Error:WBX_Http_Request_93_1:: on_timer, timeout at state: 2
[10/28/2016 04:44:35.644 pid=2491 tid=3072010000] Warning:REST_UpdateEndpointRequest_2526718496_39217_0x0af74400:: parse, TrackingID:L2Sip_6f81e280-8121d662-7b92d-c224f0a@10.79.34.12, participantId=c2ad4fc0-43c5-393b-98a8-1055351fbc69, The item participants.controls is required.
[10/28/2016 04:44:35.644 pid=2491 tid=3072010000] Warning:REST_UpdateEndpointRequest_2526718496_39217_0x0af74400:: parse, TrackingID:L2Sip_6f81e280-8121d662-7b92d-c224f0a@10.79.34.12, participantId=d740b196-9a59-3cd2-89c9-82b95d2cf3fb, name=, the participant type is not user, type=MEETING_BRIDGE
[10/28/2016 04:44:35.644 pid=2491 tid=3072010000] Warning:REST_UpdateEndpointRequest_2526718496_39217_0x0af74400:: parse, TrackingID:L2Sip_6f81e280-8121d662-7b92d-c224f0a@10.79.34.12, participantId=75e6f340-c80e-3844-9d32-dc86016f876d, The item participants.controls is required.
[10/28/2016 04:44:35.725 pid=2491 tid=3072010000] Warning:CTPCTXUsr_2526718496:: OnAddRoomRequest [PETA],the endpoint has existed,userId=327b150f-f074-49c9-9006-0e454374012d,uReqId=0
[10/28/2016 04:44:35.725 pid=2491 tid=3072010000] Warning:REST_Meeting_2526718496_39217:: TODO ConfirmSetMuteStatusRequest, user_id=327b150f-f074-49c9-9006-0e454374012d
[10/28/2016 04:44:35.725 pid=2491 tid=3072010000] Error:CTPCTXUsr_2526718496:: OnRemoveEndpointRequest [PETA],endpoint not found,uReqId=0
[10/28/2016 04:44:35.725 pid=2491 tid=3072010000] Error:CTPCTXUsr_2526718496:: OnRemoveEndpointRequest [PETA],endpoint not found,uReqId=0
[10/28/2016 04:45:05.865 pid=2491 tid=3032300400] Error:WBX_Http_Request_103_1:: on_timer, timeout at state: 2
[10/28/2016 04:45:14.095 pid=2491 tid=3072010000] Error:REST_RequestContext_0xaf74400:: MatchResource, TrackingID:NA_1981838c-e77b-4b47-b4a4-52bcd8b25a23, Method GET does not allowed.
[10/28/2016 04:45:19.983 pid=2491 tid=3072010000] Error:REST_RequestContext_0xaf62df8:: MatchResource, TrackingID:NA_bb0dd9ff-afed-4053-89ad-d6c5edb954a2, Method GET does not allowed.
[10/28/2016 04:45:24.066 pid=2491 tid=3032300400] Error:WBX_Http_Socket_105_1:: on_receive, error, ret: -1, state: 5
[10/28/2016 04:45:29.952 pid=2491 tid=3032300400] Error:WBX_Http_Socket_111_1:: on_receive, error, ret: -1, state: 5
[10/28/2016 04:45:58.567 pid=2491 tid=3072010000] Warning:REST_UpdateEndpointRequest_2526719513_39217_0x0af74400:: parse, TrackingID:TPGW_75143740-0b7f-4bf4-bc48-19ce7c6b695b_0, participantId=2b298957-854a-38c7-949b-ab4c9a4faa94, name=, the participant type is not user, type=MEETING_BRIDGE
[10/28/2016 04:45:58.647 pid=2491 tid=3072010000] Warning:CTPCTXUsr_2526719513:: OnAddRoomRequest [PETA],the endpoint has existed,userId=3c57279c-fee7-31d8-aded-e0b2ff566ab3,uReqId=0
[10/28/2016 04:45:58.648 pid=2491 tid=3072010000] Warning:REST_Meeting_2526719513_39217:: TODO ConfirmSetMuteStatusRequest, user_id=3c57279c-fee7-31d8-aded-e0b2ff566ab3
[10/28/2016 04:46:36.029 pid=2491 tid=3072010000] Warning:REST_UpdateEndpointRequest_2526718496_39217_0x0af62df8:: parse, TrackingID:TPGW_0a5b7edf-95d3-4761-afd3-5ecc8d10af44_0, participantId=c2ad4fc0-43c5-393b-98a8-1055351fbc69, The item participants.controls is required.
[10/28/2016 04:46:36.029 pid=2491 tid=3072010000] Warning:REST_UpdateEndpointRequest_2526718496_39217_0x0af62df8:: parse, TrackingID:TPGW_0a5b7edf-95d3-4761-afd3-5ecc8d10af44_0, participantId=d740b196-9a59-3cd2-89c9-82b95d2cf3fb, name=, the participant type is not user, type=MEETING_BRIDGE
[10/28/2016 04:46:36.029 pid=2491 tid=3072010000] Warning:REST_UpdateEndpointRequest_2526718496_39217_0x0af62df8:: parse, TrackingID:TPGW_0a5b7edf-95d3-4761-afd3-5ecc8d10af44_0, participantId=75e6f340-c80e-3844-9d32-dc86016f876d, The item participants.controls is required.
[10/28/2016 04:46:36.049 pid=2491 tid=3072010000] Warning:CTPCTXUsr_2526718496:: OnAddRoomRequest [PETA],the endpoint has existed,userId=327b150f-f074-49c9-9006-0e454374012d,uReqId=0
[10/28/2016 04:46:36.049 pid=2491 tid=3072010000] Warning:REST_Meeting_2526718496_39217:: TODO ConfirmSetMuteStatusRequest, user_id=327b150f-f074-49c9-9006-0e454374012d
[10/28/2016 04:46:36.049 pid=2491 tid=3072010000] Error:CTPCTXUsr_2526718496:: OnRemoveEndpointRequest [PETA],endpoint not found,uReqId=0
[10/28/2016 04:46:36.050 pid=2491 tid=3072010000] Error:CTPCTXUsr_2526718496:: OnRemoveEndpointRequest [PETA],endpoint not found,uReqId=0
[10/28/2016 04:47:02.370 pid=2491 tid=3072010000] Warning:REST_UpdateEndpointRequest_2526719513_39217_0x0af62df8:: parse, TrackingID:WIN_5a68b7a0-10a7-4c2d-9884-cb6e202ad7f1_182, participantId=2b298957-854a-38c7-949b-ab4c9a4faa94, name=, the participant type is not user, type=MEETING_BRIDGE
[10/28/2016 04:47:02.370 pid=2491 tid=3072010000] Warning:REST_UpdateEndpointRequest_2526719513_39217_0x0af62df8:: parse, TrackingID:WIN_5a68b7a0-10a7-4c2d-9884-cb6e202ad7f1_182, participantId=fbf812be-55a0-3888-bc1d-ae7804d85c14, The item participants.controls is required.
[10/28/2016 04:47:02.370 pid=2491 tid=3072010000] Warning:REST_UpdateEndpointRequest_2526719513_39217_0x0af62df8:: parse, TrackingID:WIN_5a68b7a0-10a7-4c2d-9884-cb6e202ad7f1_182, participantId=2cca0738-3708-34ab-95bc-314b7464a87f, The item participants.controls is required.
[10/28/2016 04:47:02.451 pid=2491 tid=3072010000] Error:CTPCTXUsr_2526719513:: OnRemoveEndpointRequest [PETA],endpoint not found,uReqId=0
[10/28/2016 04:47:02.451 pid=2491 tid=3072010000] Warning:CTPCTXUsr_2526719513:: OnAddRoomRequest [PETA],the endpoint has existed,userId=3c57279c-fee7-31d8-aded-e0b2ff566ab3,uReqId=0
[10/28/2016 04:47:02.452 pid=2491 tid=3072010000] Warning:REST_Meeting_2526719513_39217:: TODO ConfirmSetMuteStatusRequest, user_id=3c57279c-fee7-31d8-aded-e0b2ff566ab3
[10/28/2016 04:47:02.452 pid=2491 tid=3072010000] Error:CTPCTXUsr_2526719513:: OnRemoveEndpointRequest [PETA],endpoint not found,uReqId=0
[10/28/2016 04:47:12.885 pid=2491 tid=3032300400] Error:WBX_Http_Socket_125_1:: on_receive, error, ret: -1, state: 5
[10/28/2016 04:47:32.612 pid=2491 tid=3032300400] Error:WBX_Http_Request_137_1:: on_timer, timeout at state: 2
[10/28/2016 04:47:59.884 pid=2491 tid=3072010000] Warning:REST_UpdateEndpointRequest_2526718496_39217_0x0af97558:: parse, TrackingID:TPGW_37ca8966-0ded-4399-aedf-428c3ef14179_0, participantId=c2ad4fc0-43c5-393b-98a8-1055351fbc69, The item participants.controls is required.
[10/28/2016 04:47:59.884 pid=2491 tid=3072010000] Warning:REST_UpdateEndpointRequest_2526718496_39217_0x0af97558:: parse, TrackingID:TPGW_37ca8966-0ded-4399-aedf-428c3ef14179_0, participantId=d740b196-9a59-3cd2-89c9-82b95d2cf3fb, name=, the participant type is not user, type=MEETING_BRIDGE
[10/28/2016 04:47:59.885 pid=2491 tid=3072010000] Warning:REST_UpdateEndpointRequest_2526718496_39217_0x0ac6f3a0:: parse, TrackingID:TPGW_7e782be1-9b0f-45f5-9b6f-2407b2d9b9a7_0, participantId=d740b196-9a59-3cd2-89c9-82b95d2cf3fb, name=, the participant type is not user, type=MEETING_BRIDGE
[10/28/2016 04:47:59.946 pid=2491 tid=3072010000] Warning:CTPCTXUsr_2526718496:: OnAddRoomRequest [PETA],the endpoint has existed,userId=327b150f-f074-49c9-9006-0e454374012d,uReqId=0
[10/28/2016 04:47:59.947 pid=2491 tid=3072010000] Warning:REST_Meeting_2526718496_39217:: TODO ConfirmSetMuteStatusRequest, user_id=327b150f-f074-49c9-9006-0e454374012d
[10/28/2016 04:48:00.069 pid=2491 tid=3072010000] Warning:REST_UpdateEndpointRequest_2526719513_39217_0x0af10980:: parse, TrackingID:TPGW_6547658b-2d92-445b-9a1f-43033434c90d_0, participantId=2b298957-854a-38c7-949b-ab4c9a4faa94, name=, the participant type is not user, type=MEETING_BRIDGE
[10/28/2016 04:48:00.070 pid=2491 tid=3072010000] Warning:REST_UpdateEndpointRequest_2526719513_39217_0x0af0b380:: parse, TrackingID:TPGW_436cf275-8ad9-4888-9150-dec28c01e0ec_0, participantId=2b298957-854a-38c7-949b-ab4c9a4faa94, name=, the participant type is not user, type=MEETING_BRIDGE
[10/28/2016 04:48:00.070 pid=2491 tid=3072010000] Warning:REST_UpdateEndpointRequest_2526719513_39217_0x0af0b380:: parse, TrackingID:TPGW_436cf275-8ad9-4888-9150-dec28c01e0ec_0, participantId=fbf812be-55a0-3888-bc1d-ae7804d85c14, The item participants.controls is required.
[10/28/2016 04:48:00.151 pid=2491 tid=3072010000] Warning:CTPCTXUsr_2526719513:: OnAddRoomRequest [PETA],the endpoint has existed,userId=3c57279c-fee7-31d8-aded-e0b2ff566ab3,uReqId=0
[10/28/2016 04:48:00.151 pid=2491 tid=3072010000] Warning:REST_Meeting_2526719513_39217:: TODO ConfirmSetMuteStatusRequest, user_id=3c57279c-fee7-31d8-aded-e0b2ff566ab3
[10/28/2016 04:48:09.848 pid=2491 tid=3032300400] Error:WBX_Http_Socket_189_1:: on_receive, error, ret: -1, state: 5
[10/28/2016 04:48:30.075 pid=2491 tid=3032300400] Error:WBX_Http_Request_210_1:: on_timer, timeout at state: 2
[10/28/2016 04:48:30.075 pid=2491 tid=3032300400] Error:WBX_Http_Request_211_1:: on_timer, timeout at state: 2
[10/28/2016 04:48:30.176 pid=2491 tid=3032300400] Error:WBX_Http_Request_212_1:: on_timer, timeout at state: 2
[10/28/2016 04:48:30.176 pid=2491 tid=3032300400] Error:WBX_Http_Request_213_1:: on_timer, timeout at state: 2
[10/28/2016 04:50:00.329 pid=2491 tid=3072010000] Warning:REST_UpdateEndpointRequest_2526718496_39217_0x0ac84170:: parse, TrackingID:TPGW_360fe856-d728-453c-afa3-8f5a4f2462a6_0, participantId=d740b196-9a59-3cd2-89c9-82b95d2cf3fb, name=, the participant type is not user, type=MEETING_BRIDGE
[10/28/2016 04:50:00.430 pid=2491 tid=3072010000] Warning:CTPCTXUsr_2526718496:: OnAddRoomRequest [PETA],the endpoint has existed,userId=327b150f-f074-49c9-9006-0e454374012d,uReqId=0
[10/28/2016 04:50:00.430 pid=2491 tid=3072010000] Warning:REST_Meeting_2526718496_39217:: TODO ConfirmSetMuteStatusRequest, user_id=327b150f-f074-49c9-9006-0e454374012d
[10/28/2016 04:50:00.572 pid=2491 tid=3072010000] Warning:REST_UpdateEndpointRequest_2526719513_39217_0x0af986e0:: parse, TrackingID:TPGW_8223daac-730c-4d53-8f77-952d35633db7_0, participantId=2b298957-854a-38c7-949b-ab4c9a4faa94, name=, the participant type is not user, type=MEETING_BRIDGE
[10/28/2016 04:50:00.633 pid=2491 tid=3072010000] Warning:CTPCTXUsr_2526719513:: OnAddRoomRequest [PETA],the endpoint has existed,userId=3c57279c-fee7-31d8-aded-e0b2ff566ab3,uReqId=0
[10/28/2016 04:50:00.633 pid=2491 tid=3072010000] Warning:REST_Meeting_2526719513_39217:: TODO ConfirmSetMuteStatusRequest, user_id=3c57279c-fee7-31d8-aded-e0b2ff566ab3
[10/28/2016 04:50:12.583 pid=2491 tid=3072010000] Error:REST_RequestContext_0xaf74400:: MatchResource, TrackingID:NA_9361a79f-af2a-4d25-bfd5-8696853c7ccb, Method GET does not allowed.
[10/28/2016 04:50:22.544 pid=2491 tid=3032300400] Error:WBX_Http_Socket_223_1:: on_receive, error, ret: -1, state: 5
[10/28/2016 04:52:00.748 pid=2491 tid=3072010000] Warning:REST_UpdateEndpointRequest_2526718496_39217_0x0ac79bb0:: parse, TrackingID:TPGW_e8ff0842-961a-4fe5-82bf-17c3deae013e_0, participantId=d740b196-9a59-3cd2-89c9-82b95d2cf3fb, name=, the participant type is not user, type=MEETING_BRIDGE
[10/28/2016 04:52:00.768 pid=2491 tid=3072010000] Warning:CTPCTXUsr_2526718496:: OnAddRoomRequest [PETA],the endpoint has existed,userId=327b150f-f074-49c9-9006-0e454374012d,uReqId=0
[10/28/2016 04:52:00.768 pid=2491 tid=3072010000] Warning:REST_Meeting_2526718496_39217:: TODO ConfirmSetMuteStatusRequest, user_id=327b150f-f074-49c9-9006-0e454374012d
[10/28/2016 04:52:01.132 pid=2491 tid=3072010000] Warning:REST_UpdateEndpointRequest_2526719513_39217_0x0af986e0:: parse, TrackingID:TPGW_baae2f5b-82be-4d95-aa55-a343156b7df6_0, participantId=2b298957-854a-38c7-949b-ab4c9a4faa94, name=, the participant type is not user, type=MEETING_BRIDGE
[10/28/2016 04:52:01.172 pid=2491 tid=3072010000] Warning:CTPCTXUsr_2526719513:: OnAddRoomRequest [PETA],the endpoint has existed,userId=3c57279c-fee7-31d8-aded-e0b2ff566ab3,uReqId=0
[10/28/2016 04:52:01.173 pid=2491 tid=3072010000] Warning:REST_Meeting_2526719513_39217:: TODO ConfirmSetMuteStatusRequest, user_id=3c57279c-fee7-31d8-aded-e0b2ff566ab3
[10/28/2016 04:52:43.260 pid=2491 tid=3072010000] Error: OneTchProviderImpl::OnTerminated: can't find oneTchSession confid=
[10/28/2016 04:54:01.177 pid=2491 tid=3072010000] Warning:REST_UpdateEndpointRequest_2526718496_39217_0x0af62df8:: parse, TrackingID:TPGW_60798bf8-3c4a-407b-9507-0e3a078004d7_0, participantId=d740b196-9a59-3cd2-89c9-82b95d2cf3fb, name=, the participant type is not user, type=MEETING_BRIDGE
[10/28/2016 04:54:01.197 pid=2491 tid=3072010000] Warning:CTPCTXUsr_2526718496:: OnAddRoomRequest [PETA],the endpoint has existed,userId=327b150f-f074-49c9-9006-0e454374012d,uReqId=0
[10/28/2016 04:54:01.198 pid=2491 tid=3072010000] Warning:REST_Meeting_2526718496_39217:: TODO ConfirmSetMuteStatusRequest, user_id=327b150f-f074-49c9-9006-0e454374012d
[10/28/2016 04:54:01.642 pid=2491 tid=3072010000] Warning:REST_UpdateEndpointRequest_2526719513_39217_0x0af74400:: parse, TrackingID:TPGW_d5dbd299-493b-4126-9157-4e8d445d03de_0, participantId=2b298957-854a-38c7-949b-ab4c9a4faa94, name=, the participant type is not user, type=MEETING_BRIDGE
[10/28/2016 04:54:01.703 pid=2491 tid=3072010000] Warning:CTPCTXUsr_2526719513:: OnAddRoomRequest [PETA],the endpoint has existed,userId=3c57279c-fee7-31d8-aded-e0b2ff566ab3,uReqId=0
[10/28/2016 04:54:01.703 pid=2491 tid=3072010000] Warning:REST_Meeting_2526719513_39217:: TODO ConfirmSetMuteStatusRequest, user_id=3c57279c-fee7-31d8-aded-e0b2ff566ab3
[10/28/2016 04:55:10.515 pid=2491 tid=3072010000] Error:REST_RequestContext_0xaf74400:: MatchResource, TrackingID:NA_a039b83b-a306-4053-b747-09b44156d486, Method GET does not allowed.
[10/28/2016 04:55:16.124 pid=2491 tid=3072010000] Error:REST_RequestContext_0xaf62df8:: MatchResource, TrackingID:NA_e589c717-3eb9-4172-8abf-a6ff6ef9662a, Method GET does not allowed.
[10/28/2016 04:55:20.488 pid=2491 tid=3032300400] Error:WBX_Http_Socket_261_1:: on_receive, error, ret: -1, state: 5
[10/28/2016 04:55:26.091 pid=2491 tid=3032300400] Error:WBX_Http_Socket_267_1:: on_receive, error, ret: -1, state: 5
[10/28/2016 04:56:01.593 pid=2491 tid=3072010000] Warning:REST_UpdateEndpointRequest_2526718496_39217_0x0af74400:: parse, TrackingID:TPGW_1d84815e-e912-4e25-bab0-abdae1f25c07_0, participantId=d740b196-9a59-3cd2-89c9-82b95d2cf3fb, name=, the participant type is not user, type=MEETING_BRIDGE
[10/28/2016 04:56:01.694 pid=2491 tid=3072010000] Warning:CTPCTXUsr_2526718496:: OnAddRoomRequest [PETA],the endpoint has existed,userId=327b150f-f074-49c9-9006-0e454374012d,uReqId=0
[10/28/2016 04:56:01.694 pid=2491 tid=3072010000] Warning:REST_Meeting_2526718496_39217:: TODO ConfirmSetMuteStatusRequest, user_id=327b150f-f074-49c9-9006-0e454374012d
[10/28/2016 04:56:02.134 pid=2491 tid=3072010000] Warning:REST_UpdateEndpointRequest_2526719513_39217_0x0af62df8:: parse, TrackingID:TPGW_feb249ec-40a3-4c3d-80d2-17ca00bd3a80_0, participantId=2b298957-854a-38c7-949b-ab4c9a4faa94, name=, the participant type is not user, type=MEETING_BRIDGE
[10/28/2016 04:56:02.215 pid=2491 tid=3072010000] Warning:CTPCTXUsr_2526719513:: OnAddRoomRequest [PETA],the endpoint has existed,userId=3c57279c-fee7-31d8-aded-e0b2ff566ab3,uReqId=0
[10/28/2016 04:56:02.216 pid=2491 tid=3072010000] Warning:REST_Meeting_2526719513_39217:: TODO ConfirmSetMuteStatusRequest, user_id=3c57279c-fee7-31d8-aded-e0b2ff566ab3
[10/28/2016 04:57:28.842 pid=2491 tid=3032300400] Error:WBX_Http_Socket_297_1:: on_receive, error, ret: -1, state: 5
[10/28/2016 04:58:02.212 pid=2491 tid=3072010000] Warning:REST_UpdateEndpointRequest_2526718496_39217_0x0ac79bb0:: parse, TrackingID:TPGW_b50db17e-0130-4b33-b812-6d4aa714e85c_0, participantId=d740b196-9a59-3cd2-89c9-82b95d2cf3fb, name=, the participant type is not user, type=MEETING_BRIDGE
[10/28/2016 04:58:02.252 pid=2491 tid=3072010000] Warning:CTPCTXUsr_2526718496:: OnAddRoomRequest [PETA],the endpoint has existed,userId=327b150f-f074-49c9-9006-0e454374012d,uReqId=0
[10/28/2016 04:58:02.253 pid=2491 tid=3072010000] Warning:REST_Meeting_2526718496_39217:: TODO ConfirmSetMuteStatusRequest, user_id=327b150f-f074-49c9-9006-0e454374012d
[10/28/2016 04:58:02.596 pid=2491 tid=3072010000] Warning:REST_UpdateEndpointRequest_2526719513_39217_0x0af986e0:: parse, TrackingID:TPGW_316318e9-4c75-4669-a49f-9077148b1bba_0, participantId=2b298957-854a-38c7-949b-ab4c9a4faa94, name=, the participant type is not user, type=MEETING_BRIDGE
[10/28/2016 04:58:02.657 pid=2491 tid=3072010000] Warning:CTPCTXUsr_2526719513:: OnAddRoomRequest [PETA],the endpoint has existed,userId=3c57279c-fee7-31d8-aded-e0b2ff566ab3,uReqId=0
[10/28/2016 04:58:02.657 pid=2491 tid=3072010000] Warning:REST_Meeting_2526719513_39217:: TODO ConfirmSetMuteStatusRequest, user_id=3c57279c-fee7-31d8-aded-e0b2ff566ab3
[10/28/2016 05:00:02.650 pid=2491 tid=3072010000] Warning:REST_UpdateEndpointRequest_2526718496_39217_0x0af74400:: parse, TrackingID:TPGW_bde320be-c106-4906-a402-383619292609_0, participantId=d740b196-9a59-3cd2-89c9-82b95d2cf3fb, name=, the participant type is not user, type=MEETING_BRIDGE
[10/28/2016 05:00:02.670 pid=2491 tid=3072010000] Warning:CTPCTXUsr_2526718496:: OnAddRoomRequest [PETA],the endpoint has existed,userId=327b150f-f074-49c9-9006-0e454374012d,uReqId=0
[10/28/2016 05:00:02.670 pid=2491 tid=3072010000] Warning:REST_Meeting_2526718496_39217:: TODO ConfirmSetMuteStatusRequest, user_id=327b150f-f074-49c9-9006-0e454374012d
[10/28/2016 05:00:03.116 pid=2491 tid=3072010000] Warning:REST_UpdateEndpointRequest_2526719513_39217_0x0af986e0:: parse, TrackingID:TPGW_e5d75986-fe84-4c10-872f-06c2207d6045_0, participantId=2b298957-854a-38c7-949b-ab4c9a4faa94, name=, the participant type is not user, type=MEETING_BRIDGE
[10/28/2016 05:00:03.177 pid=2491 tid=3072010000] Warning:CTPCTXUsr_2526719513:: OnAddRoomRequest [PETA],the endpoint has existed,userId=3c57279c-fee7-31d8-aded-e0b2ff566ab3,uReqId=0
[10/28/2016 05:00:03.178 pid=2491 tid=3072010000] Warning:REST_Meeting_2526719513_39217:: TODO ConfirmSetMuteStatusRequest, user_id=3c57279c-fee7-31d8-aded-e0b2ff566ab3
[10/28/2016 05:00:09.340 pid=2491 tid=3072010000] Error:REST_RequestContext_0xaf74400:: MatchResource, TrackingID:NA_b3871605-16f6-48d6-bcf2-e84ebe013494, Method GET does not allowed.
[10/28/2016 05:00:14.843 pid=2491 tid=3072010000] Error:REST_RequestContext_0xaf62df8:: MatchResource, TrackingID:NA_20b01e8b-3f9d-4bdd-ac0f-129fa759f9a4, Method GET does not allowed.
[10/28/2016 05:00:19.312 pid=2491 tid=3032300400] Error:WBX_Http_Socket_333_1:: on_receive, error, ret: -1, state: 5
[10/28/2016 05:00:24.818 pid=2491 tid=3032300400] Error:WBX_Http_Socket_339_1:: on_receive, error, ret: -1, state: 5
[10/28/2016 05:00:58.515 pid=2491 tid=3072010000] Error:Err::OneTchSipUA::OneTchSipUA.cpp:1156 $ OnSipKeepaliveMsg  Option do not include expires tag, set to defualt timeout = 150
[10/28/2016 05:02:03.071 pid=2491 tid=3072010000] Warning:REST_UpdateEndpointRequest_2526718496_39217_0x0af74400:: parse, TrackingID:TPGW_49a5389e-9c51-4ef8-b043-7971c53be5a3_0, participantId=d740b196-9a59-3cd2-89c9-82b95d2cf3fb, name=, the participant type is not user, type=MEETING_BRIDGE
[10/28/2016 05:02:03.172 pid=2491 tid=3072010000] Warning:CTPCTXUsr_2526718496:: OnAddRoomRequest [PETA],the endpoint has existed,userId=327b150f-f074-49c9-9006-0e454374012d,uReqId=0
[10/28/2016 05:02:03.172 pid=2491 tid=3072010000] Warning:REST_Meeting_2526718496_39217:: TODO ConfirmSetMuteStatusRequest, user_id=327b150f-f074-49c9-9006-0e454374012d
[10/28/2016 05:02:03.636 pid=2491 tid=3072010000] Warning:REST_UpdateEndpointRequest_2526719513_39217_0x0af62df8:: parse, TrackingID:TPGW_f2871981-580f-4935-8aa9-753838b2d468_0, participantId=2b298957-854a-38c7-949b-ab4c9a4faa94, name=, the participant type is not user, type=MEETING_BRIDGE
[10/28/2016 05:02:03.677 pid=2491 tid=3072010000] Warning:CTPCTXUsr_2526719513:: OnAddRoomRequest [PETA],the endpoint has existed,userId=3c57279c-fee7-31d8-aded-e0b2ff566ab3,uReqId=0
[10/28/2016 05:02:03.677 pid=2491 tid=3072010000] Warning:REST_Meeting_2526719513_39217:: TODO ConfirmSetMuteStatusRequest, user_id=3c57279c-fee7-31d8-aded-e0b2ff566ab3
[10/28/2016 05:04:03.519 pid=2491 tid=3072010000] Warning:REST_UpdateEndpointRequest_2526718496_39217_0x0af52848:: parse, TrackingID:TPGW_05e7e751-3fad-4704-934a-f18f082a8851_0, participantId=d740b196-9a59-3cd2-89c9-82b95d2cf3fb, name=, the participant type is not user, type=MEETING_BRIDGE
[10/28/2016 05:04:03.539 pid=2491 tid=3072010000] Warning:CTPCTXUsr_2526718496:: OnAddRoomRequest [PETA],the endpoint has existed,userId=327b150f-f074-49c9-9006-0e454374012d,uReqId=0
[10/28/2016 05:04:03.539 pid=2491 tid=3072010000] Warning:REST_Meeting_2526718496_39217:: TODO ConfirmSetMuteStatusRequest, user_id=327b150f-f074-49c9-9006-0e454374012d
[10/28/2016 05:04:04.105 pid=2491 tid=3072010000] Warning:REST_UpdateEndpointRequest_2526719513_39217_0x0af52848:: parse, TrackingID:TPGW_1f8b56d7-8dd1-4eea-9868-d5eb1cfc2101_0, participantId=2b298957-854a-38c7-949b-ab4c9a4faa94, name=, the participant type is not user, type=MEETING_BRIDGE
[10/28/2016 05:04:04.145 pid=2491 tid=3072010000] Warning:CTPCTXUsr_2526719513:: OnAddRoomRequest [PETA],the endpoint has existed,userId=3c57279c-fee7-31d8-aded-e0b2ff566ab3,uReqId=0
[10/28/2016 05:04:04.146 pid=2491 tid=3072010000] Warning:REST_Meeting_2526719513_39217:: TODO ConfirmSetMuteStatusRequest, user_id=3c57279c-fee7-31d8-aded-e0b2ff566ab3
[10/28/2016 05:04:08.876 pid=2491 tid=3072010000] Warning:CDocShow_TPPlus_2526719540:: ParseDocShow,unknown section:WebExBasic
[10/28/2016 05:04:09.008 pid=2491 tid=3072010000] Error:T120 ASSERT m_pWlcVideo != NULL at file COneTouchMeeting.cpp, line 1311
[10/28/2016 05:04:09.008 pid=2491 tid=3072010000] Error:T120 ASSERT m_pWlcVideo != NULL at file COneTouchMeeting.cpp, line 1311
[10/28/2016 05:04:09.011 pid=2491 tid=3072010000] Error:T120 ASSERT m_pWlcVideo != NULL at file COneTouchMeeting.cpp, line 1311
[10/28/2016 05:04:09.011 pid=2491 tid=3072010000] Error:T120 ASSERT m_pWlcVideo != NULL at file COneTouchMeeting.cpp, line 1311
[10/28/2016 05:04:09.011 pid=2491 tid=3072010000] Error:T120 ASSERT update_rsc_list at file CMtgUsr.cpp, line 2515
[10/28/2016 05:04:09.011 pid=2491 tid=3072010000] Error:T120 ASSERT update_rsc_list at file CMtgUsr.cpp, line 2515
[10/28/2016 05:04:10.156 pid=2491 tid=3072010000] Error:T120 ASSERT update_rsc_list at file CMtgUsr.cpp, line 2515
[10/28/2016 05:04:10.460 pid=2491 tid=3072010000] Warning:REST_UpdateEndpointRequest_2526719540_39217_0x0b0f30a8:: parse, TrackingID:wbxcb_79a30fa7-ccae-42b7-ba61-b53d36d51778, participantId=e803a825-ec5f-35dd-81ba-2abb381d0fa4, name=, the participant type is not user, type=MEETING_BRIDGE
[10/28/2016 05:04:10.462 pid=2491 tid=3072010000] Warning:REST_UpdateEndpointRequest_2526719540_39217_0x0b0f2a38:: parse, TrackingID:LINUS_90f6bf0b26c411ba6218ad7299089a76@127.0.0.1_5, participantId=e803a825-ec5f-35dd-81ba-2abb381d0fa4, name=, the participant type is not user, type=MEETING_BRIDGE
[10/28/2016 05:04:11.176 pid=2491 tid=3072010000] Warning:REST_UpdateEndpointRequest_2526719540_39217_0x0b0f7c68:: parse, TrackingID:TPGW_6f0e9700-90bf-42b0-9011-2e21048b03e9_0, participantId=e803a825-ec5f-35dd-81ba-2abb381d0fa4, name=, the participant type is not user, type=MEETING_BRIDGE
[10/28/2016 05:04:11.238 pid=2491 tid=3072010000] Warning:REST_UpdateEndpointRequest_2526719540_39217_0x0b0f10c0:: parse, TrackingID:CLIENT-libwx2_e5e2761d-b829-46ca-bf07-bc6af254d347_11262, participantId=e803a825-ec5f-35dd-81ba-2abb381d0fa4, name=, the participant type is not user, type=MEETING_BRIDGE
[10/28/2016 05:04:11.422 pid=2491 tid=3072010000] Warning:CDocShow_TPPlus_2526719540:: ParseDocShow,unknown section:WebExBasic
[10/28/2016 05:04:11.471 pid=2491 tid=3072010000] Warning:CDocShow_TPPlus_2526719540:: ParseDocShow,unknown section:WebExBasic
[10/28/2016 05:04:11.520 pid=2491 tid=3072010000] Warning:CDocShow_TPPlus_2526719540:: ParseDocShow,unknown section:WebExBasic
[10/28/2016 05:04:11.663 pid=2491 tid=3072010000] Error:T120 ASSERT m_pWlcVideo != NULL at file COneTouchMeeting.cpp, line 1311
[10/28/2016 05:04:11.663 pid=2491 tid=3072010000] Error:T120 ASSERT m_pWlcVideo != NULL at file COneTouchMeeting.cpp, line 1311
[10/28/2016 05:04:11.663 pid=2491 tid=3072010000] Error:T120 ASSERT update_rsc_list at file CMtgUsr.cpp, line 2515
[10/28/2016 05:04:11.663 pid=2491 tid=3072010000] Error:T120 ASSERT update_rsc_list at file CMtgUsr.cpp, line 2515
[10/28/2016 05:04:11.663 pid=2491 tid=3072010000] Error:T120 ASSERT update_rsc_list at file CMtgUsr.cpp, line 2515
[10/28/2016 05:04:11.663 pid=2491 tid=3072010000] Error:T120 ASSERT update_rsc_list at file CMtgUsr.cpp, line 2515
[10/28/2016 05:04:11.664 pid=2491 tid=3072010000] Error:T120 ASSERT update_rsc_list at file CMtgUsr.cpp, line 2515
[10/28/2016 05:04:11.664 pid=2491 tid=3072010000] Error:T120 ASSERT update_rsc_list at file CMtgUsr.cpp, line 2515
[10/28/2016 05:04:11.664 pid=2491 tid=3072010000] Error:T120 ASSERT update_rsc_list at file CMtgUsr.cpp, line 2515
[10/28/2016 05:04:11.664 pid=2491 tid=3072010000] Error:T120 ASSERT update_rsc_list at file CMtgUsr.cpp, line 2515
[10/28/2016 05:04:11.666 pid=2491 tid=3072010000] Error:T120 ASSERT update_rsc_list at file CMtgUsr.cpp, line 2515
[10/28/2016 05:04:11.666 pid=2491 tid=3072010000] Error:T120 ASSERT update_rsc_list at file CMtgUsr.cpp, line 2515
[10/28/2016 05:04:11.666 pid=2491 tid=3072010000] Error:T120 ASSERT update_rsc_list at file CMtgUsr.cpp, line 2515
[10/28/2016 05:04:11.666 pid=2491 tid=3072010000] Error:T120 ASSERT update_rsc_list at file CMtgUsr.cpp, line 2515
[10/28/2016 05:04:11.700 pid=2491 tid=3072010000] Warning:CTPCTXUsr_2526719540:: OnAddRoomRequest [PETA],the endpoint has existed,userId=042583a6-18ff-4ea4-843b-93b0cc41367a,uReqId=0
[10/28/2016 05:04:11.701 pid=2491 tid=3072010000] Error:T120 ASSERT m_uChannelId at file CHybridSession.cpp, line 313
[10/28/2016 05:04:11.701 pid=2491 tid=3072010000] Warning:REST_Meeting_2526719540_39217:: TODO ConfirmSetMuteStatusRequest, user_id=042583a6-18ff-4ea4-843b-93b0cc41367a
[10/28/2016 05:04:11.701 pid=2491 tid=3072010000] Warning:CTPCTXUsr_2526719540:: OnAddRoomRequest [PETA],the endpoint has existed,userId=7c9eea83-08dc-4c13-9600-48c52b337dba,uReqId=0
[10/28/2016 05:04:11.701 pid=2491 tid=3072010000] Error:T120 ASSERT m_uChannelId at file CHybridSession.cpp, line 313
[10/28/2016 05:04:11.701 pid=2491 tid=3072010000] Warning:REST_Meeting_2526719540_39217:: TODO ConfirmSetMuteStatusRequest, user_id=7c9eea83-08dc-4c13-9600-48c52b337dba
[10/28/2016 05:04:11.701 pid=2491 tid=3072010000] Warning:CTPCTXUsr_2526719540:: OnAddRoomRequest [PETA],the endpoint has existed,userId=ac44cfc0-ccbc-3356-abc4-38eed1122efc,uReqId=0
[10/28/2016 05:04:11.701 pid=2491 tid=3072010000] Error:T120 ASSERT m_uChannelId at file CHybridSession.cpp, line 313
[10/28/2016 05:04:11.702 pid=2491 tid=3072010000] Warning:REST_Meeting_2526719540_39217:: TODO ConfirmSetMuteStatusRequest, user_id=ac44cfc0-ccbc-3356-abc4-38eed1122efc
[10/28/2016 05:04:12.047 pid=2491 tid=3072010000] Warning:REST_UpdateEndpointRequest_2526719540_39217_0x0b186800:: parse, TrackingID:LINUS_e5e2761d-b829-46ca-bf07-bc6af254d347_2, participantId=e803a825-ec5f-35dd-81ba-2abb381d0fa4, name=, the participant type is not user, type=MEETING_BRIDGE
[10/28/2016 05:04:12.324 pid=2491 tid=3072010000] Warning:CDocShow_TPPlus_2526719540:: ParseDocShow,unknown section:WebExBasic
[10/28/2016 05:04:12.455 pid=2491 tid=3072010000] Error:T120 ASSERT m_pWlcVideo != NULL at file COneTouchMeeting.cpp, line 1311
[10/28/2016 05:04:12.457 pid=2491 tid=3072010000] Error:T120 ASSERT m_pWlcVideo != NULL at file COneTouchMeeting.cpp, line 1311
[10/28/2016 05:04:12.457 pid=2491 tid=3072010000] Error:T120 ASSERT update_rsc_list at file CMtgUsr.cpp, line 2515
[10/28/2016 05:04:12.457 pid=2491 tid=3072010000] Error:T120 ASSERT update_rsc_list at file CMtgUsr.cpp, line 2515
[10/28/2016 05:04:12.457 pid=2491 tid=3072010000] Error:T120 ASSERT update_rsc_list at file CMtgUsr.cpp, line 2515
[10/28/2016 05:04:12.457 pid=2491 tid=3072010000] Error:T120 ASSERT update_rsc_list at file CMtgUsr.cpp, line 2515
[10/28/2016 05:04:12.457 pid=2491 tid=3072010000] Error:T120 ASSERT update_rsc_list at file CMtgUsr.cpp, line 2515
[10/28/2016 05:04:12.570 pid=2491 tid=3072010000] Warning:CTPCTXUsr_2526719540:: OnAddRoomRequest [PETA],the endpoint has existed,userId=042583a6-18ff-4ea4-843b-93b0cc41367a,uReqId=0
[10/28/2016 05:04:12.570 pid=2491 tid=3072010000] Error:T120 ASSERT m_uChannelId at file CHybridSession.cpp, line 313
[10/28/2016 05:04:12.570 pid=2491 tid=3072010000] Warning:REST_Meeting_2526719540_39217:: TODO ConfirmSetMuteStatusRequest, user_id=042583a6-18ff-4ea4-843b-93b0cc41367a
[10/28/2016 05:04:12.571 pid=2491 tid=3072010000] Warning:CTPCTXUsr_2526719540:: OnAddRoomRequest [PETA],the endpoint has existed,userId=3e056fbd-ec4a-3bc1-b04d-75c012e828ac,uReqId=0
[10/28/2016 05:04:12.571 pid=2491 tid=3072010000] Error:T120 ASSERT m_uChannelId at file CHybridSession.cpp, line 313
[10/28/2016 05:04:12.571 pid=2491 tid=3072010000] Warning:REST_Meeting_2526719540_39217:: TODO ConfirmSetMuteStatusRequest, user_id=3e056fbd-ec4a-3bc1-b04d-75c012e828ac
[10/28/2016 05:04:12.571 pid=2491 tid=3072010000] Warning:CTPCTXUsr_2526719540:: OnAddRoomRequest [PETA],the endpoint has existed,userId=7c9eea83-08dc-4c13-9600-48c52b337dba,uReqId=0
[10/28/2016 05:04:12.571 pid=2491 tid=3072010000] Error:T120 ASSERT m_uChannelId at file CHybridSession.cpp, line 313
[10/28/2016 05:04:12.571 pid=2491 tid=3072010000] Warning:REST_Meeting_2526719540_39217:: TODO ConfirmSetMuteStatusRequest, user_id=7c9eea83-08dc-4c13-9600-48c52b337dba
[10/28/2016 05:04:12.571 pid=2491 tid=3072010000] Warning:CTPCTXUsr_2526719540:: OnAddRoomRequest [PETA],the endpoint has existed,userId=ac44cfc0-ccbc-3356-abc4-38eed1122efc,uReqId=0
[10/28/2016 05:04:12.571 pid=2491 tid=3072010000] Error:T120 ASSERT m_uChannelId at file CHybridSession.cpp, line 313
[10/28/2016 05:04:12.571 pid=2491 tid=3072010000] Warning:REST_Meeting_2526719540_39217:: TODO ConfirmSetMuteStatusRequest, user_id=ac44cfc0-ccbc-3356-abc4-38eed1122efc
[10/28/2016 05:04:13.675 pid=2491 tid=3072010000] Warning:REST_Meeting_2526719540_39217:: TODO ConfirmSetMuteStatusRequest, user_id=ac44cfc0-ccbc-3356-abc4-38eed1122efc
[10/28/2016 05:04:13.675 pid=2491 tid=3072010000] Warning:REST_Meeting_2526719540_39217:: TODO ConfirmSetMuteStatusRequest, user_id=7c9eea83-08dc-4c13-9600-48c52b337dba
[10/28/2016 05:04:13.675 pid=2491 tid=3072010000] Warning:REST_Meeting_2526719540_39217:: TODO ConfirmSetMuteStatusRequest, user_id=042583a6-18ff-4ea4-843b-93b0cc41367a
[10/28/2016 05:04:13.675 pid=2491 tid=3072010000] Warning:REST_Meeting_2526719540_39217:: TODO ConfirmSetMuteStatusRequest, user_id=3e056fbd-ec4a-3bc1-b04d-75c012e828ac
[10/28/2016 05:04:19.814 pid=2491 tid=3032300400] Error:WBX_Http_Socket_385_1:: on_receive, error, ret: -1, state: 5
[10/28/2016 05:04:20.781 pid=2491 tid=3032300400] Error:WBX_Http_Socket_398_1:: on_receive, error, ret: -1, state: 5
[10/28/2016 05:04:41.409 pid=2491 tid=3032300400] Error:WBX_Http_Request_447_1:: on_timer, timeout at state: 2
[10/28/2016 05:04:42.611 pid=2491 tid=3032300400] Error:WBX_Http_Request_458_1:: on_timer, timeout at state: 2
[10/28/2016 05:04:42.611 pid=2491 tid=3032300400] Error:WBX_Http_Request_459_1:: on_timer, timeout at state: 2
[10/28/2016 05:05:06.875 pid=2491 tid=3072010000] Error:REST_RequestContext_0xb0f2f38:: MatchResource, TrackingID:NA_151868c4-81c2-47e1-9266-0bcd294dfd8a, Method GET does not allowed.
[10/28/2016 05:05:12.829 pid=2491 tid=3072010000] Error:REST_RequestContext_0xb1f1770:: MatchResource, TrackingID:NA_bf7a7a61-19d1-4504-b876-9dab3471a637, Method GET does not allowed.
[10/28/2016 05:05:16.852 pid=2491 tid=3032300400] Error:WBX_Http_Socket_461_1:: on_receive, error, ret: -1, state: 5
[10/28/2016 05:05:22.799 pid=2491 tid=3032300400] Error:WBX_Http_Socket_467_1:: on_receive, error, ret: -1, state: 5
[10/28/2016 05:06:03.914 pid=2491 tid=3072010000] Warning:REST_UpdateEndpointRequest_2526718496_39217_0x0b0f7c58:: parse, TrackingID:TPGW_26e0dae4-695e-4297-9da4-1975c231f4b8_0, participantId=d740b196-9a59-3cd2-89c9-82b95d2cf3fb, name=, the participant type is not user, type=MEETING_BRIDGE
[10/28/2016 05:06:03.934 pid=2491 tid=3072010000] Warning:CTPCTXUsr_2526718496:: OnAddRoomRequest [PETA],the endpoint has existed,userId=327b150f-f074-49c9-9006-0e454374012d,uReqId=0
[10/28/2016 05:06:03.935 pid=2491 tid=3072010000] Warning:REST_Meeting_2526718496_39217:: TODO ConfirmSetMuteStatusRequest, user_id=327b150f-f074-49c9-9006-0e454374012d
[10/28/2016 05:06:04.576 pid=2491 tid=3072010000] Warning:REST_UpdateEndpointRequest_2526719513_39217_0x0b0f2f38:: parse, TrackingID:TPGW_0fd82f4b-39cb-467d-8d12-a2f98aca5872_0, participantId=2b298957-854a-38c7-949b-ab4c9a4faa94, name=, the participant type is not user, type=MEETING_BRIDGE
[10/28/2016 05:06:04.657 pid=2491 tid=3072010000] Warning:CTPCTXUsr_2526719513:: OnAddRoomRequest [PETA],the endpoint has existed,userId=3c57279c-fee7-31d8-aded-e0b2ff566ab3,uReqId=0
[10/28/2016 05:06:04.657 pid=2491 tid=3072010000] Warning:REST_Meeting_2526719513_39217:: TODO ConfirmSetMuteStatusRequest, user_id=3c57279c-fee7-31d8-aded-e0b2ff566ab3
[10/28/2016 05:06:12.545 pid=2491 tid=3072010000] Warning:REST_UpdateEndpointRequest_2526719540_39217_0x0b0f7c58:: parse, TrackingID:TPGW_9339bc34-af96-40b6-a60a-9a405fe16ef6_0, participantId=e803a825-ec5f-35dd-81ba-2abb381d0fa4, name=, the participant type is not user, type=MEETING_BRIDGE
[10/28/2016 05:06:12.646 pid=2491 tid=3072010000] Warning:CTPCTXUsr_2526719540:: OnAddRoomRequest [PETA],the endpoint has existed,userId=042583a6-18ff-4ea4-843b-93b0cc41367a,uReqId=0
[10/28/2016 05:06:12.646 pid=2491 tid=3072010000] Warning:REST_Meeting_2526719540_39217:: TODO ConfirmSetMuteStatusRequest, user_id=042583a6-18ff-4ea4-843b-93b0cc41367a
[10/28/2016 05:06:12.646 pid=2491 tid=3072010000] Warning:CTPCTXUsr_2526719540:: OnAddRoomRequest [PETA],the endpoint has existed,userId=3e056fbd-ec4a-3bc1-b04d-75c012e828ac,uReqId=0
[10/28/2016 05:06:12.647 pid=2491 tid=3072010000] Warning:REST_Meeting_2526719540_39217:: TODO ConfirmSetMuteStatusRequest, user_id=3e056fbd-ec4a-3bc1-b04d-75c012e828ac
[10/28/2016 05:06:12.647 pid=2491 tid=3072010000] Warning:CTPCTXUsr_2526719540:: OnAddRoomRequest [PETA],the endpoint has existed,userId=7c9eea83-08dc-4c13-9600-48c52b337dba,uReqId=0
[10/28/2016 05:06:12.647 pid=2491 tid=3072010000] Warning:REST_Meeting_2526719540_39217:: TODO ConfirmSetMuteStatusRequest, user_id=7c9eea83-08dc-4c13-9600-48c52b337dba
[10/28/2016 05:06:12.647 pid=2491 tid=3072010000] Warning:CTPCTXUsr_2526719540:: OnAddRoomRequest [PETA],the endpoint has existed,userId=ac44cfc0-ccbc-3356-abc4-38eed1122efc,uReqId=0
[10/28/2016 05:06:12.647 pid=2491 tid=3072010000] Warning:REST_Meeting_2526719540_39217:: TODO ConfirmSetMuteStatusRequest, user_id=ac44cfc0-ccbc-3356-abc4-38eed1122efc
[10/28/2016 05:06:42.684 pid=2491 tid=3072010000] Error:Err::OneTchSipUA::OneTchSipUA.cpp:1156 $ OnSipKeepaliveMsg  Option do not include expires tag, set to defualt timeout = 150
[10/28/2016 05:08:04.363 pid=2491 tid=3072010000] Warning:REST_UpdateEndpointRequest_2526718496_39217_0x0b0f7c58:: parse, TrackingID:TPGW_943bc634-64ce-411d-88d2-533979b4bebc_0, participantId=d740b196-9a59-3cd2-89c9-82b95d2cf3fb, name=, the participant type is not user, type=MEETING_BRIDGE
[10/28/2016 05:08:04.392 pid=2491 tid=3072010000] Warning:CTPCTXUsr_2526718496:: OnAddRoomRequest [PETA],the endpoint has existed,userId=327b150f-f074-49c9-9006-0e454374012d,uReqId=0
[10/28/2016 05:08:04.392 pid=2491 tid=3072010000] Warning:REST_Meeting_2526718496_39217:: TODO ConfirmSetMuteStatusRequest, user_id=327b150f-f074-49c9-9006-0e454374012d
[10/28/2016 05:08:05.036 pid=2491 tid=3072010000] Warning:REST_UpdateEndpointRequest_2526719513_39217_0x0b0f5248:: parse, TrackingID:TPGW_96a6174e-f02b-47fd-8d58-1f6d8a0a3d71_0, participantId=2b298957-854a-38c7-949b-ab4c9a4faa94, name=, the participant type is not user, type=MEETING_BRIDGE
[10/28/2016 05:08:05.097 pid=2491 tid=3072010000] Warning:CTPCTXUsr_2526719513:: OnAddRoomRequest [PETA],the endpoint has existed,userId=3c57279c-fee7-31d8-aded-e0b2ff566ab3,uReqId=0
[10/28/2016 05:08:05.098 pid=2491 tid=3072010000] Warning:REST_Meeting_2526719513_39217:: TODO ConfirmSetMuteStatusRequest, user_id=3c57279c-fee7-31d8-aded-e0b2ff566ab3
[10/28/2016 05:08:12.992 pid=2491 tid=3072010000] Warning:REST_UpdateEndpointRequest_2526719540_39217_0x0b0f2f38:: parse, TrackingID:TPGW_6734b07b-5758-4dea-b026-53c3bdda998d_0, participantId=e803a825-ec5f-35dd-81ba-2abb381d0fa4, name=, the participant type is not user, type=MEETING_BRIDGE
[10/28/2016 05:08:13.073 pid=2491 tid=3072010000] Warning:CTPCTXUsr_2526719540:: OnAddRoomRequest [PETA],the endpoint has existed,userId=042583a6-18ff-4ea4-843b-93b0cc41367a,uReqId=0
[10/28/2016 05:08:13.073 pid=2491 tid=3072010000] Warning:REST_Meeting_2526719540_39217:: TODO ConfirmSetMuteStatusRequest, user_id=042583a6-18ff-4ea4-843b-93b0cc41367a
[10/28/2016 05:08:13.073 pid=2491 tid=3072010000] Warning:CTPCTXUsr_2526719540:: OnAddRoomRequest [PETA],the endpoint has existed,userId=3e056fbd-ec4a-3bc1-b04d-75c012e828ac,uReqId=0
[10/28/2016 05:08:13.073 pid=2491 tid=3072010000] Warning:REST_Meeting_2526719540_39217:: TODO ConfirmSetMuteStatusRequest, user_id=3e056fbd-ec4a-3bc1-b04d-75c012e828ac
[10/28/2016 05:08:13.073 pid=2491 tid=3072010000] Warning:CTPCTXUsr_2526719540:: OnAddRoomRequest [PETA],the endpoint has existed,userId=7c9eea83-08dc-4c13-9600-48c52b337dba,uReqId=0
[10/28/2016 05:08:13.073 pid=2491 tid=3072010000] Warning:REST_Meeting_2526719540_39217:: TODO ConfirmSetMuteStatusRequest, user_id=7c9eea83-08dc-4c13-9600-48c52b337dba
[10/28/2016 05:08:13.074 pid=2491 tid=3072010000] Warning:CTPCTXUsr_2526719540:: OnAddRoomRequest [PETA],the endpoint has existed,userId=ac44cfc0-ccbc-3356-abc4-38eed1122efc,uReqId=0
[10/28/2016 05:08:13.074 pid=2491 tid=3072010000] Warning:REST_Meeting_2526719540_39217:: TODO ConfirmSetMuteStatusRequest, user_id=ac44cfc0-ccbc-3356-abc4-38eed1122efc
[10/28/2016 05:10:04.812 pid=2491 tid=3072010000] Warning:REST_UpdateEndpointRequest_2526718496_39217_0x0b1f1770:: parse, TrackingID:TPGW_20954f71-5b53-4080-b417-645223d4abd4_0, participantId=d740b196-9a59-3cd2-89c9-82b95d2cf3fb, name=, the participant type is not user, type=MEETING_BRIDGE
[10/28/2016 05:10:04.832 pid=2491 tid=3072010000] Warning:CTPCTXUsr_2526718496:: OnAddRoomRequest [PETA],the endpoint has existed,userId=327b150f-f074-49c9-9006-0e454374012d,uReqId=0
[10/28/2016 05:10:04.833 pid=2491 tid=3072010000] Warning:REST_Meeting_2526718496_39217:: TODO ConfirmSetMuteStatusRequest, user_id=327b150f-f074-49c9-9006-0e454374012d
[10/28/2016 05:10:05.579 pid=2491 tid=3072010000] Warning:REST_UpdateEndpointRequest_2526719513_39217_0x0b1f1770:: parse, TrackingID:TPGW_622e7a25-2e9c-4807-b7a3-ecc9f7458a0c_0, participantId=2b298957-854a-38c7-949b-ab4c9a4faa94, name=, the participant type is not user, type=MEETING_BRIDGE
[10/28/2016 05:10:05.640 pid=2491 tid=3072010000] Warning:CTPCTXUsr_2526719513:: OnAddRoomRequest [PETA],the endpoint has existed,userId=3c57279c-fee7-31d8-aded-e0b2ff566ab3,uReqId=0
[10/28/2016 05:10:05.640 pid=2491 tid=3072010000] Warning:REST_Meeting_2526719513_39217:: TODO ConfirmSetMuteStatusRequest, user_id=3c57279c-fee7-31d8-aded-e0b2ff566ab3
[10/28/2016 05:10:05.722 pid=2491 tid=3072010000] Error:REST_RequestContext_0xb0f7c58:: MatchResource, TrackingID:NA_45c6a0d3-eb0c-4edc-878d-fc81b859449f, Method GET does not allowed.
************************* Current Trace Point *************************

