13659                          
[10/28/2016 04:43:52.251 pid=2491 tid=3072010000] Error:BFCP--SetTimerCallbackInfo ret = 0  ok = 0
[10/28/2016 04:43:56.884 pid=2491 tid=3072010000] Error:REST_Resource_Impl:: update_participant, TrackingID:LINUS_5a68b7a0-10a7-4c2d-9884-cb6e202ad7f1_5, Meeting 2526719513_39217 not found.
[10/28/2016 04:43:57.059 pid=2491 tid=3072010000] Error:T120 ASSERT m_pWlcVideo != NULL at file COneTouchMeeting.cpp, line 1311
[10/28/2016 04:43:57.059 pid=2491 tid=3072010000] Error:T120 ASSERT m_pWlcVideo != NULL at file COneTouchMeeting.cpp, line 1311
[10/28/2016 04:43:57.059 pid=2491 tid=3072010000] Error:T120 ASSERT m_pWlcVideo != NULL at file COneTouchMeeting.cpp, line 1311
[10/28/2016 04:43:57.061 pid=2491 tid=3072010000] Error:T120 ASSERT m_pWlcVideo != NULL at file COneTouchMeeting.cpp, line 1311
[10/28/2016 04:43:57.062 pid=2491 tid=3072010000] Error:T120 ASSERT m_pWlcVideo != NULL at file COneTouchMeeting.cpp, line 1311
[10/28/2016 04:43:57.065 pid=2491 tid=3072010000] Error:T120 ASSERT m_pWlcVideo != NULL at file COneTouchMeeting.cpp, line 1311
[10/28/2016 04:43:57.065 pid=2491 tid=3072010000] Error:T120 ASSERT m_pWlcVideo != NULL at file COneTouchMeeting.cpp, line 1311
[10/28/2016 04:43:57.067 pid=2491 tid=3072010000] Error:T120 ASSERT m_pWlcVideo != NULL at file COneTouchMeeting.cpp, line 1311
[10/28/2016 04:43:57.067 pid=2491 tid=3072010000] Error:T120 ASSERT m_pWlcVideo != NULL at file COneTouchMeeting.cpp, line 1311
[10/28/2016 04:43:57.067 pid=2491 tid=3072010000] Error:T120 ASSERT update_rsc_list at file CMtgUsr.cpp, line 2515
[10/28/2016 04:43:57.067 pid=2491 tid=3072010000] Error:T120 ASSERT update_rsc_list at file CMtgUsr.cpp, line 2515
[10/28/2016 04:43:57.067 pid=2491 tid=3072010000] Error:T120 ASSERT update_rsc_list at file CMtgUsr.cpp, line 2515
[10/28/2016 04:43:57.067 pid=2491 tid=3072010000] Error:T120 ASSERT update_rsc_list at file CMtgUsr.cpp, line 2515
[10/28/2016 04:43:57.756 pid=2491 tid=3072010000] Error:T120 ASSERT update_rsc_list at file CMtgUsr.cpp, line 2515
[10/28/2016 04:43:58.038 pid=2491 tid=3072010000] Error:T120 ASSERT update_rsc_list at file CMtgUsr.cpp, line 2515
[10/28/2016 04:43:58.714 pid=2491 tid=3072010000] Error:T120 ASSERT m_pWlcVideo != NULL at file COneTouchMeeting.cpp, line 1311
[10/28/2016 04:43:58.714 pid=2491 tid=3072010000] Error:T120 ASSERT m_pWlcVideo != NULL at file COneTouchMeeting.cpp, line 1311
[10/28/2016 04:43:58.714 pid=2491 tid=3072010000] Error:T120 ASSERT update_rsc_list at file CMtgUsr.cpp, line 2515
[10/28/2016 04:43:58.714 pid=2491 tid=3072010000] Error:T120 ASSERT update_rsc_list at file CMtgUsr.cpp, line 2515
[10/28/2016 04:43:59.173 pid=2491 tid=3072010000] Error:T120 ASSERT m_pWlcVideo != NULL at file COneTouchMeeting.cpp, line 1311
[10/28/2016 04:43:59.174 pid=2491 tid=3072010000] Error:T120 ASSERT m_pWlcVideo != NULL at file COneTouchMeeting.cpp, line 1311
[10/28/2016 04:43:59.176 pid=2491 tid=3072010000] Error:T120 ASSERT update_rsc_list at file CMtgUsr.cpp, line 2515
[10/28/2016 04:43:59.176 pid=2491 tid=3072010000] Error:T120 ASSERT update_rsc_list at file CMtgUsr.cpp, line 2515
[10/28/2016 04:44:03.771 pid=2491 tid=3072010000] Error:CMtgUsr_2526719513_2:: LeaveSession,sesion not joined.
[10/28/2016 04:44:05.790 pid=2491 tid=3072010000] Error:T120 ASSERT m_iStatus==SESS_STATUS_ENROLLING at file CHybridSession.cpp, line 969
[10/28/2016 04:44:06.864 pid=2491 tid=3032300400] Error:WBX_Http_Socket_21_1:: on_receive, error, ret: -1, state: 5
[10/28/2016 04:44:28.994 pid=2491 tid=3032300400] Error:WBX_Http_Request_92_1:: on_timer, timeout at state: 2
[10/28/2016 04:44:29.294 pid=2491 tid=3032300400] Error:WBX_Http_Request_93_1:: on_timer, timeout at state: 2
[10/28/2016 04:44:35.725 pid=2491 tid=3072010000] Error:CTPCTXUsr_2526718496:: OnRemoveEndpointRequest [PETA],endpoint not found,uReqId=0
[10/28/2016 04:44:35.725 pid=2491 tid=3072010000] Error:CTPCTXUsr_2526718496:: OnRemoveEndpointRequest [PETA],endpoint not found,uReqId=0
[10/28/2016 04:45:05.865 pid=2491 tid=3032300400] Error:WBX_Http_Request_103_1:: on_timer, timeout at state: 2
[10/28/2016 04:45:14.095 pid=2491 tid=3072010000] Error:REST_RequestContext_0xaf74400:: MatchResource, TrackingID:NA_1981838c-e77b-4b47-b4a4-52bcd8b25a23, Method GET does not allowed.
[10/28/2016 04:45:19.983 pid=2491 tid=3072010000] Error:REST_RequestContext_0xaf62df8:: MatchResource, TrackingID:NA_bb0dd9ff-afed-4053-89ad-d6c5edb954a2, Method GET does not allowed.
[10/28/2016 04:45:24.066 pid=2491 tid=3032300400] Error:WBX_Http_Socket_105_1:: on_receive, error, ret: -1, state: 5
[10/28/2016 04:45:29.952 pid=2491 tid=3032300400] Error:WBX_Http_Socket_111_1:: on_receive, error, ret: -1, state: 5
[10/28/2016 04:46:36.049 pid=2491 tid=3072010000] Error:CTPCTXUsr_2526718496:: OnRemoveEndpointRequest [PETA],endpoint not found,uReqId=0
[10/28/2016 04:46:36.050 pid=2491 tid=3072010000] Error:CTPCTXUsr_2526718496:: OnRemoveEndpointRequest [PETA],endpoint not found,uReqId=0
[10/28/2016 04:47:02.451 pid=2491 tid=3072010000] Error:CTPCTXUsr_2526719513:: OnRemoveEndpointRequest [PETA],endpoint not found,uReqId=0
[10/28/2016 04:47:02.452 pid=2491 tid=3072010000] Error:CTPCTXUsr_2526719513:: OnRemoveEndpointRequest [PETA],endpoint not found,uReqId=0
[10/28/2016 04:47:12.885 pid=2491 tid=3032300400] Error:WBX_Http_Socket_125_1:: on_receive, error, ret: -1, state: 5
[10/28/2016 04:47:32.612 pid=2491 tid=3032300400] Error:WBX_Http_Request_137_1:: on_timer, timeout at state: 2
[10/28/2016 04:48:09.848 pid=2491 tid=3032300400] Error:WBX_Http_Socket_189_1:: on_receive, error, ret: -1, state: 5
[10/28/2016 04:48:30.075 pid=2491 tid=3032300400] Error:WBX_Http_Request_210_1:: on_timer, timeout at state: 2
[10/28/2016 04:48:30.075 pid=2491 tid=3032300400] Error:WBX_Http_Request_211_1:: on_timer, timeout at state: 2
[10/28/2016 04:48:30.176 pid=2491 tid=3032300400] Error:WBX_Http_Request_212_1:: on_timer, timeout at state: 2
[10/28/2016 04:48:30.176 pid=2491 tid=3032300400] Error:WBX_Http_Request_213_1:: on_timer, timeout at state: 2
[10/28/2016 04:50:12.583 pid=2491 tid=3072010000] Error:REST_RequestContext_0xaf74400:: MatchResource, TrackingID:NA_9361a79f-af2a-4d25-bfd5-8696853c7ccb, Method GET does not allowed.
[10/28/2016 04:50:22.544 pid=2491 tid=3032300400] Error:WBX_Http_Socket_223_1:: on_receive, error, ret: -1, state: 5
[10/28/2016 04:52:43.260 pid=2491 tid=3072010000] Error: OneTchProviderImpl::OnTerminated: can't find oneTchSession confid=
[10/28/2016 04:55:10.515 pid=2491 tid=3072010000] Error:REST_RequestContext_0xaf74400:: MatchResource, TrackingID:NA_a039b83b-a306-4053-b747-09b44156d486, Method GET does not allowed.
[10/28/2016 04:55:16.124 pid=2491 tid=3072010000] Error:REST_RequestContext_0xaf62df8:: MatchResource, TrackingID:NA_e589c717-3eb9-4172-8abf-a6ff6ef9662a, Method GET does not allowed.
[10/28/2016 04:55:20.488 pid=2491 tid=3032300400] Error:WBX_Http_Socket_261_1:: on_receive, error, ret: -1, state: 5
[10/28/2016 04:55:26.091 pid=2491 tid=3032300400] Error:WBX_Http_Socket_267_1:: on_receive, error, ret: -1, state: 5
[10/28/2016 04:57:28.842 pid=2491 tid=3032300400] Error:WBX_Http_Socket_297_1:: on_receive, error, ret: -1, state: 5
[10/28/2016 05:00:09.340 pid=2491 tid=3072010000] Error:REST_RequestContext_0xaf74400:: MatchResource, TrackingID:NA_b3871605-16f6-48d6-bcf2-e84ebe013494, Method GET does not allowed.
[10/28/2016 05:00:14.843 pid=2491 tid=3072010000] Error:REST_RequestContext_0xaf62df8:: MatchResource, TrackingID:NA_20b01e8b-3f9d-4bdd-ac0f-129fa759f9a4, Method GET does not allowed.
[10/28/2016 05:00:19.312 pid=2491 tid=3032300400] Error:WBX_Http_Socket_333_1:: on_receive, error, ret: -1, state: 5
[10/28/2016 05:00:24.818 pid=2491 tid=3032300400] Error:WBX_Http_Socket_339_1:: on_receive, error, ret: -1, state: 5
[10/28/2016 05:00:58.515 pid=2491 tid=3072010000] Error:Err::OneTchSipUA::OneTchSipUA.cpp:1156 $ OnSipKeepaliveMsg  Option do not include expires tag, set to defualt timeout = 150
[10/28/2016 05:04:09.008 pid=2491 tid=3072010000] Error:T120 ASSERT m_pWlcVideo != NULL at file COneTouchMeeting.cpp, line 1311
[10/28/2016 05:04:09.008 pid=2491 tid=3072010000] Error:T120 ASSERT m_pWlcVideo != NULL at file COneTouchMeeting.cpp, line 1311
[10/28/2016 05:04:09.011 pid=2491 tid=3072010000] Error:T120 ASSERT m_pWlcVideo != NULL at file COneTouchMeeting.cpp, line 1311
[10/28/2016 05:04:09.011 pid=2491 tid=3072010000] Error:T120 ASSERT m_pWlcVideo != NULL at file COneTouchMeeting.cpp, line 1311
[10/28/2016 05:04:09.011 pid=2491 tid=3072010000] Error:T120 ASSERT update_rsc_list at file CMtgUsr.cpp, line 2515
[10/28/2016 05:04:09.011 pid=2491 tid=3072010000] Error:T120 ASSERT update_rsc_list at file CMtgUsr.cpp, line 2515
[10/28/2016 05:04:10.156 pid=2491 tid=3072010000] Error:T120 ASSERT update_rsc_list at file CMtgUsr.cpp, line 2515
[10/28/2016 05:04:11.663 pid=2491 tid=3072010000] Error:T120 ASSERT m_pWlcVideo != NULL at file COneTouchMeeting.cpp, line 1311
[10/28/2016 05:04:11.663 pid=2491 tid=3072010000] Error:T120 ASSERT m_pWlcVideo != NULL at file COneTouchMeeting.cpp, line 1311
[10/28/2016 05:04:11.663 pid=2491 tid=3072010000] Error:T120 ASSERT update_rsc_list at file CMtgUsr.cpp, line 2515
[10/28/2016 05:04:11.663 pid=2491 tid=3072010000] Error:T120 ASSERT update_rsc_list at file CMtgUsr.cpp, line 2515
[10/28/2016 05:04:11.663 pid=2491 tid=3072010000] Error:T120 ASSERT update_rsc_list at file CMtgUsr.cpp, line 2515
[10/28/2016 05:04:11.663 pid=2491 tid=3072010000] Error:T120 ASSERT update_rsc_list at file CMtgUsr.cpp, line 2515
[10/28/2016 05:04:11.664 pid=2491 tid=3072010000] Error:T120 ASSERT update_rsc_list at file CMtgUsr.cpp, line 2515
[10/28/2016 05:04:11.664 pid=2491 tid=3072010000] Error:T120 ASSERT update_rsc_list at file CMtgUsr.cpp, line 2515
[10/28/2016 05:04:11.664 pid=2491 tid=3072010000] Error:T120 ASSERT update_rsc_list at file CMtgUsr.cpp, line 2515
[10/28/2016 05:04:11.664 pid=2491 tid=3072010000] Error:T120 ASSERT update_rsc_list at file CMtgUsr.cpp, line 2515
[10/28/2016 05:04:11.666 pid=2491 tid=3072010000] Error:T120 ASSERT update_rsc_list at file CMtgUsr.cpp, line 2515
[10/28/2016 05:04:11.666 pid=2491 tid=3072010000] Error:T120 ASSERT update_rsc_list at file CMtgUsr.cpp, line 2515
[10/28/2016 05:04:11.666 pid=2491 tid=3072010000] Error:T120 ASSERT update_rsc_list at file CMtgUsr.cpp, line 2515
[10/28/2016 05:04:11.666 pid=2491 tid=3072010000] Error:T120 ASSERT update_rsc_list at file CMtgUsr.cpp, line 2515
[10/28/2016 05:04:11.701 pid=2491 tid=3072010000] Error:T120 ASSERT m_uChannelId at file CHybridSession.cpp, line 313
[10/28/2016 05:04:11.701 pid=2491 tid=3072010000] Error:T120 ASSERT m_uChannelId at file CHybridSession.cpp, line 313
[10/28/2016 05:04:11.701 pid=2491 tid=3072010000] Error:T120 ASSERT m_uChannelId at file CHybridSession.cpp, line 313
[10/28/2016 05:04:12.455 pid=2491 tid=3072010000] Error:T120 ASSERT m_pWlcVideo != NULL at file COneTouchMeeting.cpp, line 1311
[10/28/2016 05:04:12.457 pid=2491 tid=3072010000] Error:T120 ASSERT m_pWlcVideo != NULL at file COneTouchMeeting.cpp, line 1311
[10/28/2016 05:04:12.457 pid=2491 tid=3072010000] Error:T120 ASSERT update_rsc_list at file CMtgUsr.cpp, line 2515
[10/28/2016 05:04:12.457 pid=2491 tid=3072010000] Error:T120 ASSERT update_rsc_list at file CMtgUsr.cpp, line 2515
[10/28/2016 05:04:12.457 pid=2491 tid=3072010000] Error:T120 ASSERT update_rsc_list at file CMtgUsr.cpp, line 2515
[10/28/2016 05:04:12.457 pid=2491 tid=3072010000] Error:T120 ASSERT update_rsc_list at file CMtgUsr.cpp, line 2515
[10/28/2016 05:04:12.457 pid=2491 tid=3072010000] Error:T120 ASSERT update_rsc_list at file CMtgUsr.cpp, line 2515
[10/28/2016 05:04:12.570 pid=2491 tid=3072010000] Error:T120 ASSERT m_uChannelId at file CHybridSession.cpp, line 313
[10/28/2016 05:04:12.571 pid=2491 tid=3072010000] Error:T120 ASSERT m_uChannelId at file CHybridSession.cpp, line 313
[10/28/2016 05:04:12.571 pid=2491 tid=3072010000] Error:T120 ASSERT m_uChannelId at file CHybridSession.cpp, line 313
[10/28/2016 05:04:12.571 pid=2491 tid=3072010000] Error:T120 ASSERT m_uChannelId at file CHybridSession.cpp, line 313
[10/28/2016 05:04:19.814 pid=2491 tid=3032300400] Error:WBX_Http_Socket_385_1:: on_receive, error, ret: -1, state: 5
[10/28/2016 05:04:20.781 pid=2491 tid=3032300400] Error:WBX_Http_Socket_398_1:: on_receive, error, ret: -1, state: 5
[10/28/2016 05:04:41.409 pid=2491 tid=3032300400] Error:WBX_Http_Request_447_1:: on_timer, timeout at state: 2
[10/28/2016 05:04:42.611 pid=2491 tid=3032300400] Error:WBX_Http_Request_458_1:: on_timer, timeout at state: 2
[10/28/2016 05:04:42.611 pid=2491 tid=3032300400] Error:WBX_Http_Request_459_1:: on_timer, timeout at state: 2
[10/28/2016 05:05:06.875 pid=2491 tid=3072010000] Error:REST_RequestContext_0xb0f2f38:: MatchResource, TrackingID:NA_151868c4-81c2-47e1-9266-0bcd294dfd8a, Method GET does not allowed.
[10/28/2016 05:05:12.829 pid=2491 tid=3072010000] Error:REST_RequestContext_0xb1f1770:: MatchResource, TrackingID:NA_bf7a7a61-19d1-4504-b876-9dab3471a637, Method GET does not allowed.
[10/28/2016 05:05:16.852 pid=2491 tid=3032300400] Error:WBX_Http_Socket_461_1:: on_receive, error, ret: -1, state: 5
[10/28/2016 05:05:22.799 pid=2491 tid=3032300400] Error:WBX_Http_Socket_467_1:: on_receive, error, ret: -1, state: 5
[10/28/2016 05:06:42.684 pid=2491 tid=3072010000] Error:Err::OneTchSipUA::OneTchSipUA.cpp:1156 $ OnSipKeepaliveMsg  Option do not include expires tag, set to defualt timeout = 150
[10/28/2016 05:10:05.722 pid=2491 tid=3072010000] Error:REST_RequestContext_0xb0f7c58:: MatchResource, TrackingID:NA_45c6a0d3-eb0c-4edc-878d-fc81b859449f, Method GET does not allowed.
************************* Current Trace Point *************************

